19-02-20 15:13:59 [31merror[39m: uncaughtException: require(...) is not a function
TypeError: require(...) is not a function
    at Object.<anonymous> (D:\Í∞ÄÏù∏\Coding\Udemy\node-course\vidly\index.js:4:29)
    at Module._compile (internal/modules/cjs/loader.js:688:30)
    at Object.Module._extensions..js (internal/modules/cjs/loader.js:699:10)
    at Module.load (internal/modules/cjs/loader.js:598:32)
    at tryModuleLoad (internal/modules/cjs/loader.js:537:12)
    at Function.Module._load (internal/modules/cjs/loader.js:529:3)
    at Function.Module.runMain (internal/modules/cjs/loader.js:741:12)
    at startup (internal/bootstrap/node.js:285:19)
    at bootstrapNodeJSCore (internal/bootstrap/node.js:739:3)
19-02-20 15:15:08 [31merror[39m: uncaughtException: require(...) is not a function
TypeError: require(...) is not a function
    at Object.<anonymous> (D:\Í∞ÄÏù∏\Coding\Udemy\node-course\vidly\index.js:4:29)
    at Module._compile (internal/modules/cjs/loader.js:688:30)
    at Object.Module._extensions..js (internal/modules/cjs/loader.js:699:10)
    at Module.load (internal/modules/cjs/loader.js:598:32)
    at tryModuleLoad (internal/modules/cjs/loader.js:537:12)
    at Function.Module._load (internal/modules/cjs/loader.js:529:3)
    at Function.Module.runMain (internal/modules/cjs/loader.js:741:12)
    at startup (internal/bootstrap/node.js:285:19)
    at bootstrapNodeJSCore (internal/bootstrap/node.js:739:3)
19-02-20 15:15:12 [31merror[39m: uncaughtException: require(...) is not a function
TypeError: require(...) is not a function
    at Object.<anonymous> (D:\Í∞ÄÏù∏\Coding\Udemy\node-course\vidly\index.js:4:29)
    at Module._compile (internal/modules/cjs/loader.js:688:30)
    at Object.Module._extensions..js (internal/modules/cjs/loader.js:699:10)
    at Module.load (internal/modules/cjs/loader.js:598:32)
    at tryModuleLoad (internal/modules/cjs/loader.js:537:12)
    at Function.Module._load (internal/modules/cjs/loader.js:529:3)
    at Function.Module.runMain (internal/modules/cjs/loader.js:741:12)
    at startup (internal/bootstrap/node.js:285:19)
    at bootstrapNodeJSCore (internal/bootstrap/node.js:739:3)
19-02-22 21:05:50 [31merror[39m: uncaughtException: FATAL ERROR: jwtPrivateKey was not set. Terminating the app.
Error: FATAL ERROR: jwtPrivateKey was not set. Terminating the app.
    at module.exports (D:\Í∞ÄÏù∏\Coding\Udemy\node-course\vidly\startup\config.js:6:15)
    at Object.<anonymous> (D:\Í∞ÄÏù∏\Coding\Udemy\node-course\vidly\index.js:6:28)
    at Module._compile (internal/modules/cjs/loader.js:688:30)
    at Object.Module._extensions..js (internal/modules/cjs/loader.js:699:10)
    at Module.load (internal/modules/cjs/loader.js:598:32)
    at tryModuleLoad (internal/modules/cjs/loader.js:537:12)
    at Function.Module._load (internal/modules/cjs/loader.js:529:3)
    at Function.Module.runMain (internal/modules/cjs/loader.js:741:12)
    at startup (internal/bootstrap/node.js:285:19)
    at bootstrapNodeJSCore (internal/bootstrap/node.js:739:3)
19-02-22 21:05:50 [31merror[39m: uncaughtException: FATAL ERROR: jwtPrivateKey was not set. Terminating the app.
Error: FATAL ERROR: jwtPrivateKey was not set. Terminating the app.
    at module.exports (D:\Í∞ÄÏù∏\Coding\Udemy\node-course\vidly\startup\config.js:6:15)
    at Object.<anonymous> (D:\Í∞ÄÏù∏\Coding\Udemy\node-course\vidly\index.js:6:28)
    at Module._compile (internal/modules/cjs/loader.js:688:30)
    at Object.Module._extensions..js (internal/modules/cjs/loader.js:699:10)
    at Module.load (internal/modules/cjs/loader.js:598:32)
    at tryModuleLoad (internal/modules/cjs/loader.js:537:12)
    at Function.Module._load (internal/modules/cjs/loader.js:529:3)
    at Function.Module.runMain (internal/modules/cjs/loader.js:741:12)
    at startup (internal/bootstrap/node.js:285:19)
    at bootstrapNodeJSCore (internal/bootstrap/node.js:739:3)
19-03-04 13:51:24 [31merror[39m: uncaughtException: FATAL ERROR: jwtPrivateKey was not set. Terminating the app.
Error: FATAL ERROR: jwtPrivateKey was not set. Terminating the app.
    at module.exports (D:\Í∞ÄÏù∏\Coding\Udemy\node-course\vidly\startup\config.js:6:15)
    at Object.<anonymous> (D:\Í∞ÄÏù∏\Coding\Udemy\node-course\vidly\index.js:6:28)
    at Module._compile (internal/modules/cjs/loader.js:688:30)
    at Object.Module._extensions..js (internal/modules/cjs/loader.js:699:10)
    at Module.load (internal/modules/cjs/loader.js:598:32)
    at tryModuleLoad (internal/modules/cjs/loader.js:537:12)
    at Function.Module._load (internal/modules/cjs/loader.js:529:3)
    at Function.Module.runMain (internal/modules/cjs/loader.js:741:12)
    at startup (internal/bootstrap/node.js:285:19)
    at bootstrapNodeJSCore (internal/bootstrap/node.js:739:3)
19-03-04 13:51:24 [31merror[39m: uncaughtException: FATAL ERROR: jwtPrivateKey was not set. Terminating the app.
Error: FATAL ERROR: jwtPrivateKey was not set. Terminating the app.
    at module.exports (D:\Í∞ÄÏù∏\Coding\Udemy\node-course\vidly\startup\config.js:6:15)
    at Object.<anonymous> (D:\Í∞ÄÏù∏\Coding\Udemy\node-course\vidly\index.js:6:28)
    at Module._compile (internal/modules/cjs/loader.js:688:30)
    at Object.Module._extensions..js (internal/modules/cjs/loader.js:699:10)
    at Module.load (internal/modules/cjs/loader.js:598:32)
    at tryModuleLoad (internal/modules/cjs/loader.js:537:12)
    at Function.Module._load (internal/modules/cjs/loader.js:529:3)
    at Function.Module.runMain (internal/modules/cjs/loader.js:741:12)
    at startup (internal/bootstrap/node.js:285:19)
    at bootstrapNodeJSCore (internal/bootstrap/node.js:739:3)
19-03-04 13:52:18 [31merror[39m: uncaughtException: FATAL ERROR: jwtPrivateKey was not set. Terminating the app.
Error: FATAL ERROR: jwtPrivateKey was not set. Terminating the app.
    at module.exports (D:\Í∞ÄÏù∏\Coding\Udemy\node-course\vidly\startup\config.js:6:15)
    at Object.<anonymous> (D:\Í∞ÄÏù∏\Coding\Udemy\node-course\vidly\index.js:6:28)
    at Module._compile (internal/modules/cjs/loader.js:688:30)
    at Object.Module._extensions..js (internal/modules/cjs/loader.js:699:10)
    at Module.load (internal/modules/cjs/loader.js:598:32)
    at tryModuleLoad (internal/modules/cjs/loader.js:537:12)
    at Function.Module._load (internal/modules/cjs/loader.js:529:3)
    at Function.Module.runMain (internal/modules/cjs/loader.js:741:12)
    at startup (internal/bootstrap/node.js:285:19)
    at bootstrapNodeJSCore (internal/bootstrap/node.js:739:3)
19-03-04 13:52:18 [31merror[39m: uncaughtException: FATAL ERROR: jwtPrivateKey was not set. Terminating the app.
Error: FATAL ERROR: jwtPrivateKey was not set. Terminating the app.
    at module.exports (D:\Í∞ÄÏù∏\Coding\Udemy\node-course\vidly\startup\config.js:6:15)
    at Object.<anonymous> (D:\Í∞ÄÏù∏\Coding\Udemy\node-course\vidly\index.js:6:28)
    at Module._compile (internal/modules/cjs/loader.js:688:30)
    at Object.Module._extensions..js (internal/modules/cjs/loader.js:699:10)
    at Module.load (internal/modules/cjs/loader.js:598:32)
    at tryModuleLoad (internal/modules/cjs/loader.js:537:12)
    at Function.Module._load (internal/modules/cjs/loader.js:529:3)
    at Function.Module.runMain (internal/modules/cjs/loader.js:741:12)
    at startup (internal/bootstrap/node.js:285:19)
    at bootstrapNodeJSCore (internal/bootstrap/node.js:739:3)
